SF:lib/src/components/section_shaking.dart
DA:13,6
DA:15,5
DA:17,6
DA:19,6
DA:20,6
DA:22,6
DA:23,6
LF:7
LH:7
end_of_record
SF:lib/src/app.dart
DA:87,0
DA:94,0
DA:95,0
DA:97,0
DA:98,0
DA:102,0
DA:104,0
DA:105,0
DA:107,0
DA:108,0
DA:109,0
DA:110,0
DA:111,0
DA:112,0
DA:115,0
DA:116,0
DA:117,0
DA:119,0
DA:120,0
DA:123,0
DA:124,0
DA:125,0
DA:127,0
DA:128,0
DA:131,0
DA:132,0
DA:133,0
DA:135,0
DA:136,0
DA:139,0
DA:140,0
DA:141,0
DA:143,0
DA:144,0
DA:145,0
DA:147,0
DA:150,0
DA:151,0
DA:152,0
LF:39
LH:0
end_of_record
SF:lib/src/components/section_horizontal_divider.dart
DA:9,16
DA:11,2
DA:13,2
DA:15,2
DA:16,4
LF:5
LH:5
end_of_record
SF:lib/src/components/section_responsive_text.dart
DA:38,21
DA:49,5
DA:51,6
DA:52,6
DA:61,6
DA:63,18
DA:64,24
DA:65,6
DA:68,6
DA:70,6
DA:71,6
DA:73,6
DA:74,6
DA:75,6
DA:76,6
DA:77,6
DA:81,12
DA:85,6
DA:86,12
DA:87,6
DA:88,3
DA:89,1
DA:91,6
DA:92,6
DA:93,12
DA:94,12
DA:95,12
DA:96,12
DA:101,1
DA:104,1
DA:108,1
DA:109,2
DA:111,1
DA:112,1
DA:118,1
DA:119,2
DA:121,0
DA:122,0
DA:123,0
DA:124,0
DA:128,0
DA:129,0
DA:130,0
DA:132,0
DA:134,0
DA:135,0
LF:46
LH:36
end_of_record
SF:lib/src/layout/layout_business.dart
DA:24,1
DA:39,1
DA:40,1
DA:46,0
DA:48,0
DA:52,0
DA:54,1
DA:56,1
DA:57,2
DA:58,1
DA:61,1
DA:63,2
DA:64,1
DA:67,1
DA:68,2
DA:69,1
DA:70,0
DA:71,0
DA:72,0
DA:74,1
DA:75,0
DA:76,0
DA:77,0
DA:79,1
DA:80,1
DA:81,1
DA:82,3
DA:87,0
DA:88,0
DA:89,0
DA:90,0
DA:91,0
DA:95,1
DA:97,1
DA:98,1
DA:99,1
DA:100,1
DA:101,1
DA:102,1
DA:104,1
DA:106,1
DA:108,1
DA:110,1
DA:112,6
DA:113,6
DA:114,1
DA:115,6
DA:116,6
DA:120,1
DA:121,1
DA:122,1
DA:123,1
DA:124,3
DA:126,1
DA:128,1
DA:129,1
DA:131,1
DA:132,1
DA:134,1
DA:135,1
DA:136,1
DA:137,1
DA:139,3
DA:140,1
DA:141,1
DA:142,1
DA:145,1
DA:146,1
DA:147,1
DA:149,3
DA:150,1
DA:151,1
DA:152,1
DA:157,1
DA:159,1
DA:160,1
DA:161,1
DA:162,1
DA:164,3
DA:165,1
DA:166,1
DA:167,1
DA:170,1
DA:171,1
DA:172,1
DA:174,3
DA:175,1
DA:176,1
DA:177,1
DA:180,1
DA:181,1
DA:182,1
DA:184,3
DA:185,1
DA:186,1
DA:187,1
DA:190,1
DA:191,1
DA:192,1
DA:194,3
DA:195,1
DA:196,1
DA:197,1
DA:200,1
DA:201,1
DA:202,1
DA:204,3
DA:205,1
DA:206,1
DA:207,1
DA:214,1
DA:216,1
DA:217,1
DA:220,1
DA:221,1
DA:222,1
DA:223,1
DA:224,1
DA:227,1
DA:228,1
DA:229,1
DA:233,1
DA:234,1
DA:235,1
DA:236,1
DA:237,3
DA:240,1
DA:241,1
DA:242,1
DA:243,1
DA:249,1
DA:251,1
DA:252,1
DA:255,1
DA:256,1
DA:257,1
DA:258,1
DA:262,3
DA:265,3
DA:266,4
DA:267,1
DA:270,1
DA:271,5
DA:274,2
DA:277,1
DA:278,1
DA:279,1
DA:280,1
DA:282,1
DA:283,1
DA:284,2
DA:285,1
DA:286,1
DA:287,1
DA:288,1
DA:291,1
DA:292,1
DA:293,1
DA:294,1
DA:296,1
DA:297,1
DA:298,2
DA:299,1
DA:300,1
DA:301,1
DA:302,1
DA:305,1
DA:306,1
DA:307,1
DA:308,1
DA:310,1
DA:311,1
DA:312,2
DA:313,1
DA:314,1
DA:315,1
DA:316,1
DA:319,1
DA:320,1
DA:321,1
DA:323,1
DA:324,1
DA:325,2
DA:326,1
DA:327,1
DA:328,1
DA:329,1
DA:332,1
DA:333,1
DA:334,1
DA:335,1
DA:336,1
DA:337,1
DA:338,1
DA:339,2
DA:340,1
DA:343,1
DA:344,1
DA:345,1
DA:346,1
DA:355,1
DA:357,1
DA:358,1
DA:361,1
DA:362,1
DA:363,1
DA:364,1
DA:368,3
DA:371,1
DA:373,1
DA:374,1
DA:375,1
DA:376,1
DA:377,1
DA:379,3
DA:380,1
DA:381,1
DA:382,1
DA:386,1
DA:387,1
DA:388,1
DA:389,1
DA:391,1
DA:392,1
DA:393,1
DA:401,1
DA:403,1
DA:404,1
DA:406,1
DA:407,1
DA:408,1
DA:409,1
DA:413,3
DA:418,1
DA:419,1
DA:422,1
DA:423,1
DA:424,1
DA:425,1
DA:426,1
DA:428,1
DA:429,1
DA:430,1
DA:433,1
DA:434,1
DA:435,1
DA:436,1
DA:438,1
DA:439,1
DA:440,1
DA:443,1
DA:444,1
DA:445,1
DA:446,1
DA:457,3
DA:458,1
DA:459,2
DA:460,1
DA:461,3
DA:462,2
DA:465,1
DA:466,1
LF:262
LH:248
end_of_record
SF:lib/src/layout/layout_classic.dart
DA:24,1
DA:39,1
DA:40,1
DA:46,0
DA:48,0
DA:52,0
DA:54,1
DA:56,1
DA:57,2
DA:58,1
DA:61,1
DA:63,2
DA:64,1
DA:67,1
DA:68,2
DA:69,1
DA:70,0
DA:71,0
DA:72,0
DA:74,1
DA:75,0
DA:76,0
DA:77,0
DA:79,1
DA:80,1
DA:81,1
DA:82,3
DA:87,0
DA:88,0
DA:89,0
DA:90,0
DA:91,0
DA:95,1
DA:97,1
DA:98,1
DA:99,1
DA:100,1
DA:101,1
DA:102,1
DA:104,1
DA:106,1
DA:108,1
DA:110,1
DA:111,1
DA:112,6
DA:113,6
DA:114,1
DA:115,6
DA:116,6
DA:120,1
DA:121,1
DA:122,1
DA:123,1
DA:124,1
DA:125,0
DA:127,0
DA:128,0
DA:129,0
DA:130,0
DA:135,1
DA:137,1
DA:138,1
DA:139,1
DA:140,1
DA:141,1
DA:142,3
DA:143,1
DA:144,1
DA:145,1
DA:146,1
DA:148,2
DA:151,1
DA:152,1
DA:153,1
DA:154,1
DA:155,3
DA:156,1
DA:157,1
DA:158,1
DA:159,2
DA:162,1
DA:163,1
DA:164,1
DA:165,1
DA:168,7
DA:169,3
DA:172,1
DA:173,1
DA:174,1
DA:175,1
DA:178,1
DA:179,1
DA:180,1
DA:181,1
DA:183,2
DA:186,1
DA:187,1
DA:188,1
DA:189,1
DA:190,3
DA:193,3
DA:196,1
DA:197,1
DA:198,1
DA:199,1
DA:202,1
DA:203,1
DA:204,1
DA:205,1
DA:207,2
DA:211,1
DA:212,1
DA:213,1
DA:214,1
DA:217,3
DA:220,1
DA:221,1
DA:222,1
DA:223,1
DA:226,1
DA:227,1
DA:228,1
DA:229,1
DA:231,2
DA:234,1
DA:235,3
DA:236,4
DA:237,1
DA:238,1
DA:239,1
DA:241,4
DA:242,1
DA:243,0
DA:244,0
DA:246,3
DA:249,1
DA:250,1
DA:251,1
DA:252,1
DA:255,1
DA:256,1
DA:257,1
DA:258,1
DA:259,2
DA:262,1
DA:263,1
DA:264,1
DA:265,1
DA:267,3
DA:268,0
DA:269,3
DA:272,1
DA:273,1
DA:274,1
DA:275,1
DA:278,1
DA:279,1
DA:280,1
DA:281,1
DA:282,2
DA:285,1
DA:286,1
DA:287,1
DA:288,1
DA:289,1
DA:292,1
DA:293,1
DA:294,1
DA:295,1
DA:308,3
DA:309,1
DA:310,2
DA:311,1
DA:312,3
DA:313,2
DA:316,1
DA:317,1
LF:177
LH:155
end_of_record
SF:lib/src/layout/layout_modern.dart
DA:24,1
DA:39,1
DA:40,1
DA:46,0
DA:48,0
DA:52,0
DA:54,1
DA:56,1
DA:57,2
DA:58,1
DA:61,1
DA:63,2
DA:64,1
DA:67,1
DA:68,2
DA:69,1
DA:70,0
DA:71,0
DA:72,0
DA:74,1
DA:75,0
DA:76,0
DA:77,0
DA:79,1
DA:80,1
DA:81,1
DA:82,3
DA:87,0
DA:88,0
DA:89,0
DA:90,0
DA:91,0
DA:95,1
DA:97,1
DA:98,1
DA:99,1
DA:100,1
DA:101,1
DA:102,1
DA:104,1
DA:106,1
DA:108,1
DA:109,6
DA:110,6
DA:111,1
DA:112,6
DA:113,6
DA:115,1
DA:116,1
DA:117,1
DA:118,1
DA:119,1
DA:121,1
DA:122,2
DA:123,2
DA:124,2
DA:125,1
DA:127,1
DA:128,1
DA:129,1
DA:130,0
DA:131,0
DA:132,0
DA:133,0
DA:134,0
DA:135,0
DA:142,1
DA:143,1
DA:144,1
DA:145,1
DA:148,1
DA:149,1
DA:150,1
DA:151,1
DA:157,1
DA:158,1
DA:159,1
DA:160,1
DA:161,3
DA:164,1
DA:165,1
DA:166,1
DA:167,1
DA:171,1
DA:172,1
DA:173,2
DA:176,1
DA:177,1
DA:178,1
DA:181,1
DA:182,1
DA:183,1
DA:184,1
DA:187,1
DA:188,1
DA:189,1
DA:191,1
DA:192,1
DA:193,1
DA:196,1
DA:197,1
DA:198,1
DA:200,1
DA:201,1
DA:204,1
DA:205,1
DA:206,1
DA:208,1
DA:209,1
DA:212,1
DA:213,1
DA:214,1
DA:223,1
DA:225,1
DA:226,2
DA:227,2
DA:228,1
DA:229,2
DA:230,1
DA:231,1
DA:232,1
DA:234,1
DA:235,1
DA:236,1
DA:237,1
DA:238,1
DA:240,3
DA:241,1
DA:242,1
DA:243,1
DA:244,1
DA:250,1
DA:251,1
DA:252,1
DA:253,1
DA:254,3
DA:255,1
DA:256,1
DA:257,1
DA:258,1
DA:261,1
DA:262,1
DA:263,1
DA:264,1
DA:265,2
DA:266,1
DA:267,1
DA:268,1
DA:273,1
DA:274,1
DA:277,1
DA:278,1
DA:279,1
DA:280,1
DA:282,1
DA:284,3
DA:285,1
DA:286,1
DA:287,1
DA:288,1
DA:292,1
DA:297,1
DA:298,1
DA:301,1
DA:302,1
DA:303,1
DA:304,1
DA:306,1
DA:308,3
DA:309,1
DA:310,1
DA:311,1
DA:312,1
DA:320,1
DA:328,1
DA:329,1
DA:330,1
DA:331,1
DA:334,1
DA:335,1
DA:336,1
DA:337,1
DA:340,1
DA:341,3
DA:342,4
DA:343,1
DA:344,4
DA:345,2
DA:348,1
DA:349,1
DA:350,1
DA:351,1
DA:352,2
DA:353,1
DA:357,1
DA:358,1
DA:360,1
DA:361,1
DA:362,2
DA:363,1
DA:364,1
DA:365,1
DA:366,1
DA:367,1
DA:374,1
DA:375,1
DA:376,1
DA:377,2
DA:378,1
DA:379,1
DA:380,1
DA:381,1
DA:382,1
DA:388,1
DA:389,1
DA:390,1
DA:391,4
DA:392,1
DA:394,1
DA:395,1
DA:396,1
DA:397,1
DA:402,1
DA:403,1
DA:404,1
DA:405,1
DA:407,4
DA:408,1
DA:410,1
DA:411,1
DA:412,1
DA:415,1
DA:420,1
DA:427,1
DA:428,1
DA:429,1
DA:430,1
DA:432,1
DA:433,1
DA:434,1
DA:435,1
DA:438,1
DA:439,1
DA:440,1
DA:441,1
DA:442,2
DA:443,1
DA:447,1
DA:448,1
DA:449,3
DA:451,1
DA:452,1
DA:453,1
DA:454,1
DA:456,1
DA:459,1
DA:460,1
DA:461,1
DA:462,1
DA:468,1
DA:469,1
DA:470,1
DA:471,1
DA:472,2
DA:473,1
DA:477,1
DA:478,1
DA:481,1
DA:482,1
DA:483,1
DA:484,1
DA:486,1
DA:489,1
DA:490,1
DA:491,1
DA:492,1
DA:498,1
DA:499,1
DA:500,1
DA:501,1
DA:504,1
DA:505,1
DA:506,1
DA:507,1
DA:512,1
DA:513,1
DA:514,1
DA:515,1
DA:516,2
DA:517,1
DA:518,1
DA:521,1
DA:522,1
DA:523,1
DA:524,1
DA:530,1
DA:531,1
DA:532,1
DA:533,1
DA:534,2
DA:535,1
DA:536,1
DA:539,1
DA:540,1
DA:541,1
DA:542,1
DA:563,3
DA:564,1
DA:565,2
DA:566,1
DA:567,3
DA:568,2
DA:571,1
DA:572,1
LF:314
LH:294
end_of_record
SF:lib/src/layout/layout_technical.dart
DA:24,1
DA:39,1
DA:40,1
DA:46,0
DA:48,0
DA:52,0
DA:54,1
DA:56,1
DA:57,2
DA:58,1
DA:61,1
DA:63,2
DA:64,1
DA:67,1
DA:68,2
DA:69,1
DA:70,0
DA:71,0
DA:72,0
DA:74,1
DA:75,0
DA:76,0
DA:77,0
DA:79,1
DA:80,1
DA:81,1
DA:82,3
DA:87,0
DA:88,0
DA:89,0
DA:90,0
DA:91,0
DA:95,1
DA:97,1
DA:98,1
DA:99,1
DA:100,1
DA:101,1
DA:102,1
DA:104,1
DA:106,1
DA:108,1
DA:110,1
DA:111,6
DA:112,6
DA:113,1
DA:114,6
DA:115,6
DA:117,1
DA:118,1
DA:119,1
DA:121,1
DA:122,3
DA:123,3
DA:124,1
DA:126,1
DA:127,1
DA:128,0
DA:129,0
DA:130,0
DA:131,0
DA:135,0
DA:138,0
DA:140,0
DA:141,0
DA:142,0
DA:149,1
DA:150,1
DA:151,1
DA:152,1
DA:153,1
DA:154,3
DA:164,1
DA:165,1
DA:166,2
DA:167,1
DA:170,1
DA:171,1
DA:172,1
DA:183,1
DA:184,1
DA:198,1
DA:199,1
DA:200,2
DA:201,1
DA:204,1
DA:205,1
DA:206,1
DA:207,1
DA:208,3
DA:217,1
DA:218,1
DA:219,1
DA:220,3
DA:232,1
DA:233,1
DA:234,2
DA:235,1
DA:238,1
DA:239,1
DA:240,1
DA:251,1
DA:252,1
DA:266,1
DA:267,1
DA:268,2
DA:269,1
DA:272,1
DA:273,3
DA:274,4
DA:275,1
DA:276,1
DA:277,1
DA:278,4
DA:279,1
DA:280,0
DA:281,0
DA:290,1
DA:291,1
DA:292,1
DA:293,3
DA:305,1
DA:306,1
DA:307,2
DA:308,1
DA:309,1
DA:321,1
DA:322,1
DA:323,2
DA:324,1
DA:325,1
DA:326,1
DA:327,3
DA:338,1
DA:339,1
DA:340,2
DA:341,1
DA:342,1
DA:354,1
DA:355,1
DA:356,2
DA:357,1
DA:358,1
DA:370,1
DA:371,1
DA:372,2
DA:373,1
DA:374,1
DA:386,1
DA:387,1
DA:388,2
DA:389,1
DA:390,1
DA:391,1
DA:392,1
DA:398,1
DA:399,1
DA:400,2
DA:401,1
DA:402,1
DA:403,1
DA:404,1
DA:410,1
DA:411,1
DA:412,2
DA:413,1
DA:414,1
DA:415,1
DA:416,1
DA:432,3
DA:433,1
DA:434,2
DA:435,1
DA:436,3
DA:437,2
DA:440,1
DA:441,1
LF:177
LH:152
end_of_record
SF:lib/src/model/resume_template_data_model.dart
DA:22,4
DA:42,4
LF:2
LH:2
end_of_record
SF:lib/src/repository/pdf_saver.dart
DA:67,0
DA:68,0
DA:73,0
DA:76,0
DA:77,0
DA:78,0
DA:79,0
DA:84,0
DA:86,0
DA:87,0
DA:88,0
DA:90,0
DA:97,0
DA:99,0
DA:102,0
DA:103,0
DA:107,0
DA:110,0
DA:112,0
DA:113,0
DA:114,0
DA:115,0
DA:116,0
DA:117,0
DA:121,0
DA:122,0
DA:124,0
LF:27
LH:0
end_of_record
SF:lib/src/styles/theme.dart
DA:30,0
DA:31,0
DA:34,0
DA:35,0
DA:36,0
DA:37,0
DA:39,0
DA:40,0
DA:42,0
DA:43,0
DA:44,0
DA:45,0
DA:46,0
DA:47,0
DA:51,0
DA:95,0
DA:96,0
DA:100,0
DA:102,0
DA:109,0
DA:112,0
DA:114,0
DA:117,0
DA:119,0
DA:122,0
DA:124,0
DA:127,0
DA:137,0
DA:139,0
DA:140,0
DA:141,0
DA:142,0
DA:143,0
DA:144,0
DA:149,0
DA:151,0
DA:152,0
DA:153,0
DA:154,0
DA:155,0
DA:156,0
DA:160,0
DA:162,0
DA:165,0
DA:166,0
DA:167,0
DA:170,0
DA:172,0
DA:175,0
DA:176,0
DA:177,0
DA:181,0
DA:183,0
DA:186,0
DA:187,0
LF:55
LH:0
end_of_record
SF:lib/src/utils/config.dart
DA:28,18
DA:32,12
DA:36,2
DA:37,6
DA:39,2
DA:40,6
DA:42,3
DA:44,3
DA:45,1
DA:48,0
DA:49,0
DA:52,9
DA:53,3
DA:56,0
DA:57,0
DA:58,0
DA:60,0
DA:64,0
DA:65,0
DA:66,0
DA:67,0
DA:68,0
DA:69,0
DA:72,0
DA:75,0
DA:76,0
DA:78,0
LF:27
LH:11
end_of_record
SF:lib/src/utils/strings.dart
DA:10,0
DA:19,0
DA:20,0
DA:28,0
DA:36,0
LF:5
LH:0
end_of_record
SF:lib/src/components/section_bio_container.dart
DA:11,7
DA:14,6
DA:16,2
DA:18,2
DA:20,2
DA:21,4
DA:22,4
DA:23,4
DA:24,4
DA:26,2
LF:10
LH:10
end_of_record
SF:lib/src/components/section_bottom_buttons.dart
DA:7,4
DA:12,4
DA:18,4
DA:19,4
DA:23,4
DA:25,4
DA:28,8
DA:29,4
DA:30,16
DA:31,4
DA:32,8
DA:34,8
DA:36,4
DA:37,8
DA:38,4
DA:39,4
DA:40,4
DA:41,4
DA:44,4
DA:45,8
LF:20
LH:20
end_of_record
SF:lib/src/components/section_rating_widget.dart
DA:11,5
DA:18,5
DA:19,5
DA:25,5
DA:27,15
DA:28,5
DA:31,5
DA:33,5
DA:35,5
DA:36,5
DA:37,10
DA:38,10
DA:45,5
DA:46,10
DA:47,5
DA:49,5
DA:51,10
DA:52,0
DA:53,0
DA:54,0
DA:57,5
DA:58,10
LF:22
LH:19
end_of_record
SF:lib/src/utils/helper.dart
DA:4,3
DA:5,6
LF:2
LH:2
end_of_record
